<?xml version="1.0" encoding="UTF-8"?>
<!-- Generated by org.testng.reporters.JUnitReportReporter -->
<testsuite skipped="1" hostname="com-PC" name="com.instaone.testcases.SmokeTesting2" tests="9" failures="0" timestamp="13 Jul 2020 14:26:15 GMT" time="52.950" errors="0">
  <testcase name="Login" time="11.227" classname="com.instaone.testcases.SmokeTesting2"/>
  <testcase name="Purchase_Return" time="5.955" classname="com.instaone.testcases.SmokeTesting2"/>
  <testcase name="PurchaseReturn_Deleted" time="5.814" classname="com.instaone.testcases.SmokeTesting2"/>
  <testcase name="Purchase_Deleted" time="10.898" classname="com.instaone.testcases.SmokeTesting2"/>
  <testcase name="Customer_Deleted" time="2.884" classname="com.instaone.testcases.SmokeTesting2"/>
  <testcase name="Supplier_Deleted" time="2.299" classname="com.instaone.testcases.SmokeTesting2"/>
  <testcase name="Model_Deleted" time="11.614" classname="com.instaone.testcases.SmokeTesting2"/>
  <testcase name="User_Deleted" time="2.259" classname="com.instaone.testcases.SmokeTesting2"/>
  <testcase name="Create_Franchise" classname="com.instaone.testcases.SmokeTesting2">
    <skipped/>
  </testcase> <!-- Create_Franchise -->
</testsuite> <!-- com.instaone.testcases.SmokeTesting2 -->
