<?xml version="1.0" encoding="UTF-8"?>
<!-- Generated by org.testng.reporters.JUnitReportReporter -->
<testsuite skipped="1" hostname="Surajp" name="com.instaone.datadriven.Login_Cases" tests="8" failures="0" timestamp="22 Apr 2020 07:15:14 GMT" time="11.836" errors="0">
  <testcase name="test1" time="1.563" classname="com.instaone.datadriven.Login_Cases"/>
  <testcase name="test1" time="1.472" classname="com.instaone.datadriven.Login_Cases"/>
  <testcase name="test1" time="1.513" classname="com.instaone.datadriven.Login_Cases"/>
  <testcase name="test1" time="1.504" classname="com.instaone.datadriven.Login_Cases"/>
  <testcase name="test1" time="1.539" classname="com.instaone.datadriven.Login_Cases"/>
  <testcase name="test1" time="2.763" classname="com.instaone.datadriven.Login_Cases"/>
  <testcase name="test1" time="1.482" classname="com.instaone.datadriven.Login_Cases"/>
  <testcase name="login" classname="com.instaone.datadriven.Login_Cases">
    <skipped/>
  </testcase> <!-- login -->
</testsuite> <!-- com.instaone.datadriven.Login_Cases -->
