<?xml version="1.0" encoding="UTF-8"?>
<!-- Generated by org.testng.reporters.JUnitReportReporter -->
<testsuite skipped="7" hostname="Surajp" name="com.instaone.simmultaneously.Class1" tests="9" failures="0" timestamp="06 May 2020 05:31:55 GMT" time="5.918" errors="0">
  <testcase name="Login" time="3.522" classname="com.instaone.simmultaneously.Class1"/>
  <testcase name="user" time="2.396" classname="com.instaone.simmultaneously.Class1"/>
  <testcase name="model" classname="com.instaone.simmultaneously.Class1">
    <skipped/>
  </testcase> <!-- model -->
  <testcase name="color" classname="com.instaone.simmultaneously.Class1">
    <skipped/>
  </testcase> <!-- color -->
  <testcase name="city" classname="com.instaone.simmultaneously.Class1">
    <skipped/>
  </testcase> <!-- city -->
  <testcase name="franchise" classname="com.instaone.simmultaneously.Class1">
    <skipped/>
  </testcase> <!-- franchise -->
  <testcase name="Purchase" classname="com.instaone.simmultaneously.Class1">
    <skipped/>
  </testcase> <!-- Purchase -->
  <testcase name="Sale" classname="com.instaone.simmultaneously.Class1">
    <skipped/>
  </testcase> <!-- Sale -->
  <testcase name="updatecity" classname="com.instaone.simmultaneously.Class1">
    <skipped/>
  </testcase> <!-- updatecity -->
</testsuite> <!-- com.instaone.simmultaneously.Class1 -->
