<?xml version="1.0" encoding="UTF-8"?>
<!-- Generated by org.testng.reporters.JUnitReportReporter -->
<testsuite skipped="0" hostname="com-PC" name="com.aceinvoice.testcases.Assignment" tests="1" failures="0" timestamp="29 Oct 2020 16:49:43 GMT" time="49.404" errors="0">
  <testcase name="testcase" time="49.404" classname="com.aceinvoice.testcases.Assignment"/>
</testsuite> <!-- com.aceinvoice.testcases.Assignment -->
