<?xml version="1.0" encoding="UTF-8"?>
<!-- Generated by org.testng.reporters.JUnitReportReporter -->
<testsuite skipped="0" hostname="Surajp" name="com.instaone.testcases.PNB" tests="1" failures="0" timestamp="06 May 2020 10:14:26 GMT" time="0.914" errors="0">
  <testcase name="ff" time="0.914" classname="com.instaone.testcases.PNB"/>
</testsuite> <!-- com.instaone.testcases.PNB -->
