<?xml version="1.0" encoding="UTF-8"?>
<!-- Generated by org.testng.reporters.JUnitReportReporter -->
<testsuite skipped="0" hostname="Surajp" name="com.instaone.datadriven.Supplier_DataDriven2" tests="12" failures="0" timestamp="14 May 2020 05:04:14 GMT" time="258.085" errors="0">
  <testcase name="Login" time="11.792" classname="com.instaone.datadriven.Supplier_DataDriven2"/>
  <testcase name="first" time="1.744" classname="com.instaone.datadriven.Supplier_DataDriven2"/>
  <testcase name="first" time="1.177" classname="com.instaone.datadriven.Supplier_DataDriven2"/>
  <testcase name="first" time="1.258" classname="com.instaone.datadriven.Supplier_DataDriven2"/>
  <testcase name="first" time="3.969" classname="com.instaone.datadriven.Supplier_DataDriven2"/>
  <testcase name="first" time="1.335" classname="com.instaone.datadriven.Supplier_DataDriven2"/>
  <testcase name="first" time="2.782" classname="com.instaone.datadriven.Supplier_DataDriven2"/>
  <testcase name="first" time="220.582" classname="com.instaone.datadriven.Supplier_DataDriven2"/>
  <testcase name="first" time="1.425" classname="com.instaone.datadriven.Supplier_DataDriven2"/>
  <testcase name="first" time="2.290" classname="com.instaone.datadriven.Supplier_DataDriven2"/>
  <testcase name="sameno" time="1.060" classname="com.instaone.datadriven.Supplier_DataDriven2"/>
  <testcase name="update" time="8.671" classname="com.instaone.datadriven.Supplier_DataDriven2"/>
</testsuite> <!-- com.instaone.datadriven.Supplier_DataDriven2 -->
