<?xml version="1.0" encoding="UTF-8"?>
<!-- Generated by org.testng.reporters.JUnitReportReporter -->
<testsuite skipped="0" hostname="Surajp" name="com.instaone.testcases.Customer_DataDriven" tests="12" failures="0" timestamp="14 May 2020 04:55:03 GMT" time="52.135" errors="0">
  <testcase name="Login" time="4.760" classname="com.instaone.testcases.Customer_DataDriven"/>
  <testcase name="first" time="1.465" classname="com.instaone.testcases.Customer_DataDriven"/>
  <testcase name="first" time="2.388" classname="com.instaone.testcases.Customer_DataDriven"/>
  <testcase name="first" time="1.163" classname="com.instaone.testcases.Customer_DataDriven"/>
  <testcase name="first" time="1.487" classname="com.instaone.testcases.Customer_DataDriven"/>
  <testcase name="first" time="1.863" classname="com.instaone.testcases.Customer_DataDriven"/>
  <testcase name="first" time="1.213" classname="com.instaone.testcases.Customer_DataDriven"/>
  <testcase name="first" time="1.559" classname="com.instaone.testcases.Customer_DataDriven"/>
  <testcase name="first" time="1.996" classname="com.instaone.testcases.Customer_DataDriven"/>
  <testcase name="first" time="1.312" classname="com.instaone.testcases.Customer_DataDriven"/>
  <testcase name="sameno" time="1.019" classname="com.instaone.testcases.Customer_DataDriven"/>
  <testcase name="update" time="31.910" classname="com.instaone.testcases.Customer_DataDriven"/>
</testsuite> <!-- com.instaone.testcases.Customer_DataDriven -->
