<?xml version="1.0" encoding="UTF-8"?>
<!-- Generated by org.testng.reporters.JUnitReportReporter -->
<testsuite skipped="3" hostname="com-PC" name="com.instaone.testcases.Master_Mod_Del" tests="9" failures="0" timestamp="10 Jul 2020 12:39:01 GMT" time="147.197" errors="0">
  <testcase name="Login" time="10.455" classname="com.instaone.testcases.Master_Mod_Del"/>
  <testcase name="color" time="17.854" classname="com.instaone.testcases.Master_Mod_Del"/>
  <testcase name="city" time="34.499" classname="com.instaone.testcases.Master_Mod_Del"/>
  <testcase name="Test4" time="22.287" classname="com.instaone.testcases.Master_Mod_Del"/>
  <testcase name="Test5" time="33.056" classname="com.instaone.testcases.Master_Mod_Del"/>
  <testcase name="Test6" time="29.046" classname="com.instaone.testcases.Master_Mod_Del"/>
  <testcase name="deletionModel" classname="com.instaone.testcases.Master_Mod_Del">
    <skipped/>
  </testcase> <!-- deletionModel -->
  <testcase name="Category" classname="com.instaone.testcases.Master_Mod_Del">
    <skipped/>
  </testcase> <!-- Category -->
  <testcase name="deleteAll" classname="com.instaone.testcases.Master_Mod_Del">
    <skipped/>
  </testcase> <!-- deleteAll -->
</testsuite> <!-- com.instaone.testcases.Master_Mod_Del -->
