<?xml version="1.0" encoding="UTF-8"?>
<!-- Generated by org.testng.reporters.JUnitReportReporter -->
<testsuite skipped="2" hostname="com-PC" name="com.instaone.testcases.Serial" tests="3" failures="0" timestamp="10 Jul 2020 10:16:48 GMT" time="74.049" errors="0">
  <testcase name="sdemo" time="74.049" classname="com.instaone.testcases.Serial"/>
  <testcase name="start" classname="com.instaone.testcases.Serial">
    <skipped/>
  </testcase> <!-- start -->
  <testcase name="mdemo" classname="com.instaone.testcases.Serial">
    <skipped/>
  </testcase> <!-- mdemo -->
</testsuite> <!-- com.instaone.testcases.Serial -->
