<?xml version="1.0" encoding="UTF-8"?>
<!-- Generated by org.testng.reporters.JUnitReportReporter -->
<testsuite skipped="0" hostname="com-PC" name="com.instaone.testcases.phase1" tests="1" failures="0" timestamp="11 Sep 2020 16:59:11 GMT" time="86.793" errors="0">
  <testcase name="whethear" time="86.793" classname="com.instaone.testcases.phase1"/>
</testsuite> <!-- com.instaone.testcases.phase1 -->
