<?xml version="1.0" encoding="UTF-8"?>
<!-- Generated by org.testng.reporters.JUnitReportReporter -->
<testsuite skipped="0" hostname="com-PC" name="com.instaone.test.userinput" tests="1" failures="0" timestamp="01 Jun 2020 13:56:19 GMT" time="131.339" errors="0">
  <testcase name="Login" time="131.339" classname="com.instaone.test.userinput"/>
</testsuite> <!-- com.instaone.test.userinput -->
